mode: set
/home/jv/Projects/golang-2019-2/3/99_hw/coverage/client.go:67.80,71.19 2 1
/home/jv/Projects/golang-2019-2/3/99_hw/coverage/client.go:74.2,74.20 1 1
/home/jv/Projects/golang-2019-2/3/99_hw/coverage/client.go:77.2,77.20 1 1
/home/jv/Projects/golang-2019-2/3/99_hw/coverage/client.go:82.2,94.16 10 1
/home/jv/Projects/golang-2019-2/3/99_hw/coverage/client.go:100.2,103.25 3 1
/home/jv/Projects/golang-2019-2/3/99_hw/coverage/client.go:120.2,123.16 4 1
/home/jv/Projects/golang-2019-2/3/99_hw/coverage/client.go:127.2,128.28 2 1
/home/jv/Projects/golang-2019-2/3/99_hw/coverage/client.go:135.2,135.21 1 1
/home/jv/Projects/golang-2019-2/3/99_hw/coverage/client.go:71.19,73.3 1 1
/home/jv/Projects/golang-2019-2/3/99_hw/coverage/client.go:74.20,76.3 1 1
/home/jv/Projects/golang-2019-2/3/99_hw/coverage/client.go:77.20,79.3 1 1
/home/jv/Projects/golang-2019-2/3/99_hw/coverage/client.go:94.16,95.54 1 1
/home/jv/Projects/golang-2019-2/3/99_hw/coverage/client.go:98.3,98.50 1 1
/home/jv/Projects/golang-2019-2/3/99_hw/coverage/client.go:95.54,97.4 1 0
/home/jv/Projects/golang-2019-2/3/99_hw/coverage/client.go:104.31,105.44 1 0
/home/jv/Projects/golang-2019-2/3/99_hw/coverage/client.go:106.38,107.53 1 0
/home/jv/Projects/golang-2019-2/3/99_hw/coverage/client.go:108.29,111.17 3 0
/home/jv/Projects/golang-2019-2/3/99_hw/coverage/client.go:114.3,114.44 1 0
/home/jv/Projects/golang-2019-2/3/99_hw/coverage/client.go:117.3,117.73 1 0
/home/jv/Projects/golang-2019-2/3/99_hw/coverage/client.go:111.17,113.4 1 0
/home/jv/Projects/golang-2019-2/3/99_hw/coverage/client.go:114.44,116.4 1 0
/home/jv/Projects/golang-2019-2/3/99_hw/coverage/client.go:123.16,125.3 1 0
/home/jv/Projects/golang-2019-2/3/99_hw/coverage/client.go:128.28,131.3 2 0
/home/jv/Projects/golang-2019-2/3/99_hw/coverage/client.go:131.8,133.3 1 1
/home/jv/Projects/golang-2019-2/3/99_hw/coverage/server.go:50.21,51.14 1 1
/home/jv/Projects/golang-2019-2/3/99_hw/coverage/server.go:51.14,52.11 1 0
/home/jv/Projects/golang-2019-2/3/99_hw/coverage/server.go:56.53,62.2 5 1
/home/jv/Projects/golang-2019-2/3/99_hw/coverage/server.go:66.15,71.2 4 1
/home/jv/Projects/golang-2019-2/3/99_hw/coverage/server.go:72.42,91.2 17 1
/home/jv/Projects/golang-2019-2/3/99_hw/coverage/server.go:93.60,94.40 1 1
/home/jv/Projects/golang-2019-2/3/99_hw/coverage/server.go:94.40,95.24 1 1
/home/jv/Projects/golang-2019-2/3/99_hw/coverage/server.go:115.3,115.18 1 1
/home/jv/Projects/golang-2019-2/3/99_hw/coverage/server.go:118.3,118.35 1 1
/home/jv/Projects/golang-2019-2/3/99_hw/coverage/server.go:96.10,97.18 1 1
/home/jv/Projects/golang-2019-2/3/99_hw/coverage/server.go:102.10,103.18 1 0
/home/jv/Projects/golang-2019-2/3/99_hw/coverage/server.go:108.10,109.18 1 0
/home/jv/Projects/golang-2019-2/3/99_hw/coverage/server.go:97.18,99.5 1 0
/home/jv/Projects/golang-2019-2/3/99_hw/coverage/server.go:99.10,99.26 1 1
/home/jv/Projects/golang-2019-2/3/99_hw/coverage/server.go:99.26,101.5 1 0
/home/jv/Projects/golang-2019-2/3/99_hw/coverage/server.go:103.18,105.5 1 0
/home/jv/Projects/golang-2019-2/3/99_hw/coverage/server.go:105.10,105.26 1 0
/home/jv/Projects/golang-2019-2/3/99_hw/coverage/server.go:105.26,107.5 1 0
/home/jv/Projects/golang-2019-2/3/99_hw/coverage/server.go:109.18,111.5 1 0
/home/jv/Projects/golang-2019-2/3/99_hw/coverage/server.go:111.10,111.26 1 0
/home/jv/Projects/golang-2019-2/3/99_hw/coverage/server.go:111.26,113.5 1 0
/home/jv/Projects/golang-2019-2/3/99_hw/coverage/server.go:115.18,117.4 1 0
/home/jv/Projects/golang-2019-2/3/99_hw/coverage/server.go:122.48,124.30 2 1
/home/jv/Projects/golang-2019-2/3/99_hw/coverage/server.go:137.2,137.17 1 1
/home/jv/Projects/golang-2019-2/3/99_hw/coverage/server.go:124.30,125.24 1 1
/home/jv/Projects/golang-2019-2/3/99_hw/coverage/server.go:125.24,135.4 1 1
/home/jv/Projects/golang-2019-2/3/99_hw/coverage/server.go:147.59,153.20 6 1
/home/jv/Projects/golang-2019-2/3/99_hw/coverage/server.go:159.2,168.26 8 1
/home/jv/Projects/golang-2019-2/3/99_hw/coverage/server.go:153.20,157.3 3 0
/home/jv/Projects/golang-2019-2/3/99_hw/coverage/tmp.go:5.13,6.19 1 0
/home/jv/Projects/golang-2019-2/3/99_hw/coverage/tmp.go:6.19,8.3 1 0
