mode: set
/home/jv/Projects/golang-2019-2/3/99_hw/coverage/server.go:48.42,63.33 1 1
/home/jv/Projects/golang-2019-2/3/99_hw/coverage/server.go:66.2,66.14 1 1
/home/jv/Projects/golang-2019-2/3/99_hw/coverage/server.go:63.33,65.3 1 1
/home/jv/Projects/golang-2019-2/3/99_hw/coverage/server.go:69.44,70.40 1 1
/home/jv/Projects/golang-2019-2/3/99_hw/coverage/server.go:70.40,71.20 1 1
/home/jv/Projects/golang-2019-2/3/99_hw/coverage/server.go:74.3,74.39 1 0
/home/jv/Projects/golang-2019-2/3/99_hw/coverage/server.go:71.20,73.4 1 1
/home/jv/Projects/golang-2019-2/3/99_hw/coverage/server.go:78.22,80.16 2 1
/home/jv/Projects/golang-2019-2/3/99_hw/coverage/server.go:83.2,87.18 5 1
/home/jv/Projects/golang-2019-2/3/99_hw/coverage/server.go:80.16,81.38 1 1
/home/jv/Projects/golang-2019-2/3/99_hw/coverage/server.go:90.48,101.2 2 1
/home/jv/Projects/golang-2019-2/3/99_hw/coverage/server.go:103.37,105.30 2 1
/home/jv/Projects/golang-2019-2/3/99_hw/coverage/server.go:110.2,110.17 1 1
/home/jv/Projects/golang-2019-2/3/99_hw/coverage/server.go:105.30,106.24 1 1
/home/jv/Projects/golang-2019-2/3/99_hw/coverage/server.go:106.24,108.4 1 1
/home/jv/Projects/golang-2019-2/3/99_hw/coverage/server.go:113.64,117.2 3 1
/home/jv/Projects/golang-2019-2/3/99_hw/coverage/server.go:119.59,120.15 1 1
/home/jv/Projects/golang-2019-2/3/99_hw/coverage/server.go:125.2,125.52 1 1
/home/jv/Projects/golang-2019-2/3/99_hw/coverage/server.go:129.2,129.50 1 1
/home/jv/Projects/golang-2019-2/3/99_hw/coverage/server.go:136.2,136.51 1 1
/home/jv/Projects/golang-2019-2/3/99_hw/coverage/server.go:141.2,143.26 3 1
/home/jv/Projects/golang-2019-2/3/99_hw/coverage/server.go:149.2,155.33 7 1
/home/jv/Projects/golang-2019-2/3/99_hw/coverage/server.go:120.15,121.31 1 1
/home/jv/Projects/golang-2019-2/3/99_hw/coverage/server.go:121.31,123.4 1 1
/home/jv/Projects/golang-2019-2/3/99_hw/coverage/server.go:125.52,128.3 2 1
/home/jv/Projects/golang-2019-2/3/99_hw/coverage/server.go:129.50,135.3 5 1
/home/jv/Projects/golang-2019-2/3/99_hw/coverage/server.go:136.51,139.3 2 1
/home/jv/Projects/golang-2019-2/3/99_hw/coverage/server.go:143.26,148.3 4 1
/home/jv/Projects/golang-2019-2/3/99_hw/coverage/client.go:67.80,71.19 2 1
/home/jv/Projects/golang-2019-2/3/99_hw/coverage/client.go:74.2,74.20 1 1
/home/jv/Projects/golang-2019-2/3/99_hw/coverage/client.go:77.2,77.20 1 1
/home/jv/Projects/golang-2019-2/3/99_hw/coverage/client.go:82.2,94.16 10 1
/home/jv/Projects/golang-2019-2/3/99_hw/coverage/client.go:100.2,103.25 3 1
/home/jv/Projects/golang-2019-2/3/99_hw/coverage/client.go:120.2,122.16 3 1
/home/jv/Projects/golang-2019-2/3/99_hw/coverage/client.go:126.2,127.28 2 1
/home/jv/Projects/golang-2019-2/3/99_hw/coverage/client.go:134.2,134.21 1 1
/home/jv/Projects/golang-2019-2/3/99_hw/coverage/client.go:71.19,73.3 1 1
/home/jv/Projects/golang-2019-2/3/99_hw/coverage/client.go:74.20,76.3 1 1
/home/jv/Projects/golang-2019-2/3/99_hw/coverage/client.go:77.20,79.3 1 1
/home/jv/Projects/golang-2019-2/3/99_hw/coverage/client.go:94.16,95.54 1 1
/home/jv/Projects/golang-2019-2/3/99_hw/coverage/client.go:98.3,98.50 1 1
/home/jv/Projects/golang-2019-2/3/99_hw/coverage/client.go:95.54,97.4 1 0
/home/jv/Projects/golang-2019-2/3/99_hw/coverage/client.go:104.31,105.44 1 1
/home/jv/Projects/golang-2019-2/3/99_hw/coverage/client.go:106.38,107.53 1 1
/home/jv/Projects/golang-2019-2/3/99_hw/coverage/client.go:108.29,111.17 3 1
/home/jv/Projects/golang-2019-2/3/99_hw/coverage/client.go:114.3,114.44 1 1
/home/jv/Projects/golang-2019-2/3/99_hw/coverage/client.go:117.3,117.73 1 1
/home/jv/Projects/golang-2019-2/3/99_hw/coverage/client.go:111.17,113.4 1 1
/home/jv/Projects/golang-2019-2/3/99_hw/coverage/client.go:114.44,116.4 1 1
/home/jv/Projects/golang-2019-2/3/99_hw/coverage/client.go:122.16,124.3 1 1
/home/jv/Projects/golang-2019-2/3/99_hw/coverage/client.go:127.28,130.3 2 1
/home/jv/Projects/golang-2019-2/3/99_hw/coverage/client.go:130.8,132.3 1 0
